2024-09-22T12:14:51.387+07:00  INFO 7158 --- [Jamkrindo-Report-Claim] [main] j.LocalContainerEntityManagerFactoryBean : Initialized JPA EntityManagerFactory for persistence unit 'default'
2024-09-22T12:14:51.391+07:00  INFO 7158 --- [Jamkrindo-Report-Claim] [main] com.zaxxer.hikari.HikariDataSource       : HikariPool - Starting...
2024-09-22T12:14:51.403+07:00  INFO 7158 --- [Jamkrindo-Report-Claim] [main] com.zaxxer.hikari.pool.HikariPool        : HikariPool - Added connection com.mysql.cj.jdbc.ConnectionImpl@7a600e21
2024-09-22T12:14:51.403+07:00  INFO 7158 --- [Jamkrindo-Report-Claim] [main] com.zaxxer.hikari.HikariDataSource       : HikariPool - Start completed.
2024-09-22T12:14:51.406+07:00  INFO 7158 --- [Jamkrindo-Report-Claim] [main] o.hibernate.jpa.internal.util.LogHelper  : HHH000204: Processing PersistenceUnitInfo [name: default]
2024-09-22T12:14:51.408+07:00  INFO 7158 --- [Jamkrindo-Report-Claim] [main] o.h.c.internal.RegionFactoryInitiator    : HHH000026: Second-level cache disabled
2024-09-22T12:14:51.426+07:00  INFO 7158 --- [Jamkrindo-Report-Claim] [main] o.s.o.j.p.SpringPersistenceUnitInfo      : No LoadTimeWeaver setup: ignoring JPA class transformer
2024-09-22T12:14:51.427+07:00  WARN 7158 --- [Jamkrindo-Report-Claim] [main] org.hibernate.orm.deprecation            : HHH90000025: MySQL8Dialect does not need to be specified explicitly using 'hibernate.dialect' (remove the property setting and it will be selected by default)
2024-09-22T12:14:51.427+07:00  WARN 7158 --- [Jamkrindo-Report-Claim] [main] org.hibernate.orm.deprecation            : HHH90000026: MySQL8Dialect has been deprecated; use org.hibernate.dialect.MySQLDialect instead
2024-09-22T12:14:51.447+07:00  WARN 7158 --- [Jamkrindo-Report-Claim] [main] org.hibernate.mapping.RootClass          : HHH000038: Composite-id class does not override equals(): id.co.jamkrindo.test.dbpenampungan.entity.RekapKlaimId
2024-09-22T12:14:51.448+07:00  WARN 7158 --- [Jamkrindo-Report-Claim] [main] org.hibernate.mapping.RootClass          : HHH000039: Composite-id class does not override hashCode(): id.co.jamkrindo.test.dbpenampungan.entity.RekapKlaimId
2024-09-22T12:14:51.492+07:00  INFO 7158 --- [Jamkrindo-Report-Claim] [main] o.h.e.t.j.p.i.JtaPlatformInitiator       : HHH000489: No JTA platform available (set 'hibernate.transaction.jta.platform' to enable JTA platform integration)
2024-09-22T12:14:51.493+07:00  INFO 7158 --- [Jamkrindo-Report-Claim] [main] j.LocalContainerEntityManagerFactoryBean : Initialized JPA EntityManagerFactory for persistence unit 'default'
2024-09-22T12:14:51.672+07:00  INFO 7158 --- [Jamkrindo-Report-Claim] [main] o.s.d.j.r.query.QueryEnhancerFactory     : Hibernate is in classpath; If applicable, HQL parser will be used.
2024-09-22T12:14:51.809+07:00  WARN 7158 --- [Jamkrindo-Report-Claim] [main] JpaBaseConfiguration$JpaWebConfiguration : spring.jpa.open-in-view is enabled by default. Therefore, database queries may be performed during view rendering. Explicitly configure spring.jpa.open-in-view to disable this warning
2024-09-22T12:14:51.824+07:00  INFO 7158 --- [Jamkrindo-Report-Claim] [main] o.s.b.a.w.s.WelcomePageHandlerMapping    : Adding welcome page: class path resource [static/index.html]
2024-09-22T12:14:52.076+07:00  INFO 7158 --- [Jamkrindo-Report-Claim] [main] o.s.b.w.embedded.tomcat.TomcatWebServer  : Tomcat started on port 8080 (http) with context path '/'
2024-09-22T12:14:52.084+07:00  INFO 7158 --- [Jamkrindo-Report-Claim] [main] i.c.j.t.JamkrindoReportKlaimApplication  : Started JamkrindoReportKlaimApplication in 3.361 seconds (process running for 3.883)
2024-09-22T12:14:59.300+07:00  INFO 7158 --- [Jamkrindo-Report-Claim] [http-nio-8080-exec-1] o.a.c.c.C.[Tomcat].[localhost].[/]       : Initializing Spring DispatcherServlet 'dispatcherServlet'
2024-09-22T12:14:59.301+07:00  INFO 7158 --- [Jamkrindo-Report-Claim] [http-nio-8080-exec-1] o.s.web.servlet.DispatcherServlet        : Initializing Servlet 'dispatcherServlet'
2024-09-22T12:14:59.302+07:00  INFO 7158 --- [Jamkrindo-Report-Claim] [http-nio-8080-exec-1] o.s.web.servlet.DispatcherServlet        : Completed initialization in 1 ms
2024-09-22T12:15:19.094+07:00  INFO 7158 --- [Jamkrindo-Report-Claim] [http-nio-8080-exec-5] i.c.jamkrindo.test.service.KlaimService  :  === Mulai mengirim data wilayah kerja 2 periode Tue Jan 10 00:00:00 WIB 2023 ===
2024-09-22T12:15:19.135+07:00  INFO 7158 --- [Jamkrindo-Report-Claim] [http-nio-8080-exec-5] i.c.jamkrindo.test.service.KlaimService  : data id.co.jamkrindo.test.dbpenampungan.entity.RekapKlaimId@55025e19 RekapKlaim(id=id.co.jamkrindo.test.dbpenampungan.entity.RekapKlaimId@55025e19, bebanKlaim=7.942742682E8)
2024-09-22T12:15:19.138+07:00  INFO 7158 --- [Jamkrindo-Report-Claim] [http-nio-8080-exec-5] i.c.jamkrindo.test.service.KlaimService  : data id.co.jamkrindo.test.dbpenampungan.entity.RekapKlaimId@20ca26ed RekapKlaim(id=id.co.jamkrindo.test.dbpenampungan.entity.RekapKlaimId@20ca26ed, bebanKlaim=0.0)
2024-09-22T12:15:19.140+07:00  INFO 7158 --- [Jamkrindo-Report-Claim] [http-nio-8080-exec-5] i.c.jamkrindo.test.service.KlaimService  : data id.co.jamkrindo.test.dbpenampungan.entity.RekapKlaimId@4c53f66 RekapKlaim(id=id.co.jamkrindo.test.dbpenampungan.entity.RekapKlaimId@4c53f66, bebanKlaim=0.0)
2024-09-22T12:15:19.141+07:00  INFO 7158 --- [Jamkrindo-Report-Claim] [http-nio-8080-exec-5] i.c.jamkrindo.test.service.KlaimService  : === Sukses mengirim data Rekap Klaim sebanyak 3 ===
2024-09-22T12:22:25.824+07:00  WARN 7158 --- [Jamkrindo-Report-Claim] [HikariPool housekeeper] com.zaxxer.hikari.pool.HikariPool        : HikariPool - Thread starvation or clock leap detected (housekeeper delta=4m4s296ms).
2024-09-22T12:22:25.824+07:00  WARN 7158 --- [Jamkrindo-Report-Claim] [HikariPool housekeeper] com.zaxxer.hikari.pool.HikariPool        : HikariPool - Thread starvation or clock leap detected (housekeeper delta=4m5s401ms).
2024-09-22T12:50:52.507+07:00  WARN 7158 --- [Jamkrindo-Report-Claim] [HikariPool housekeeper] com.zaxxer.hikari.pool.HikariPool        : HikariPool - Thread starvation or clock leap detected (housekeeper delta=3m26s181ms).
2024-09-22T12:50:52.507+07:00  WARN 7158 --- [Jamkrindo-Report-Claim] [HikariPool housekeeper] com.zaxxer.hikari.pool.HikariPool        : HikariPool - Thread starvation or clock leap detected (housekeeper delta=3m26s181ms).
2024-09-22T13:07:42.037+07:00  WARN 7158 --- [Jamkrindo-Report-Claim] [HikariPool housekeeper] com.zaxxer.hikari.pool.HikariPool        : HikariPool - Thread starvation or clock leap detected (housekeeper delta=15m49s514ms).
2024-09-22T13:07:42.058+07:00  WARN 7158 --- [Jamkrindo-Report-Claim] [HikariPool housekeeper] com.zaxxer.hikari.pool.HikariPool        : HikariPool - Thread starvation or clock leap detected (housekeeper delta=15m49s519ms).
2024-09-22T13:31:13.938+07:00  WARN 7158 --- [Jamkrindo-Report-Claim] [HikariPool housekeeper] com.zaxxer.hikari.pool.HikariPool        : HikariPool - Thread starvation or clock leap detected (housekeeper delta=23m31s880ms).
2024-09-22T13:31:13.938+07:00  WARN 7158 --- [Jamkrindo-Report-Claim] [HikariPool housekeeper] com.zaxxer.hikari.pool.HikariPool        : HikariPool - Thread starvation or clock leap detected (housekeeper delta=23m31s901ms).
2024-09-22T13:40:48.060+07:00  INFO 7158 --- [Jamkrindo-Report-Claim] [SpringApplicationShutdownHook] j.LocalContainerEntityManagerFactoryBean : Closing JPA EntityManagerFactory for persistence unit 'default'
2024-09-22T13:40:48.066+07:00  INFO 7158 --- [Jamkrindo-Report-Claim] [SpringApplicationShutdownHook] com.zaxxer.hikari.HikariDataSource       : HikariPool - Shutdown initiated...
2024-09-22T13:40:48.072+07:00  INFO 7158 --- [Jamkrindo-Report-Claim] [SpringApplicationShutdownHook] com.zaxxer.hikari.HikariDataSource       : HikariPool - Shutdown completed.
2024-09-22T13:40:48.072+07:00  INFO 7158 --- [Jamkrindo-Report-Claim] [SpringApplicationShutdownHook] j.LocalContainerEntityManagerFactoryBean : Closing JPA EntityManagerFactory for persistence unit 'default'
2024-09-22T13:40:48.073+07:00  INFO 7158 --- [Jamkrindo-Report-Claim] [SpringApplicationShutdownHook] com.zaxxer.hikari.HikariDataSource       : HikariPool - Shutdown initiated...
2024-09-22T13:40:48.076+07:00  INFO 7158 --- [Jamkrindo-Report-Claim] [SpringApplicationShutdownHook] com.zaxxer.hikari.HikariDataSource       : HikariPool - Shutdown completed.
